{
  "stats": {
    "suites": 1,
    "tests": 1,
    "passes": 1,
    "pending": 0,
    "failures": 0,
    "testsRegistered": 1,
    "passPercent": 100,
    "pendingPercent": 0,
    "other": 0,
    "hasOther": false,
    "skipped": 0,
    "hasSkipped": false,
    "start": "2024-08-13T20:59:19.363Z",
    "end": "2024-08-13T20:59:26.798Z",
    "duration": 7435
  },
  "results": [
    {
      "uuid": "f386b6fc-9d88-49d2-96a8-d848a9263966",
      "title": "",
      "fullFile": "cypress/tests/orangeHRM.js",
      "file": "cypress/tests/orangeHRM.js",
      "beforeHooks": [],
      "afterHooks": [],
      "tests": [],
      "suites": [
        {
          "uuid": "9fdb3f93-c417-41ca-82ec-a6e1e7424d4b",
          "title": "0 - Pipeline Login",
          "fullFile": "cypress/tests/orangeHRM.js",
          "file": "cypress/tests/orangeHRM.js",
          "beforeHooks": [],
          "afterHooks": [],
          "tests": [
            {
              "title": "Check Invalid Credentials",
              "fullTitle": "0 - Pipeline Login Check Invalid Credentials",
              "timedOut": null,
              "duration": 7322,
              "state": "passed",
              "speed": "medium",
              "pass": true,
              "fail": false,
              "pending": false,
              "context": "[\n    {\n        \"title\": \"Spec video recording\",\n        \"value\": \"videos/orangeHRM.js.mp4\"\n    }\n]",
              "code": "cy.loginPage();\n_loginPage.onLoginPage.checkInvalidCredentialsWithRandomUsernameAndPassword();",
              "err": {},
              "uuid": "07be4288-2fa0-4e08-8956-b7d42bcca199",
              "parentUUID": "9fdb3f93-c417-41ca-82ec-a6e1e7424d4b",
              "isHook": false,
              "skipped": false
            }
          ],
          "suites": [],
          "passes": [
            "07be4288-2fa0-4e08-8956-b7d42bcca199"
          ],
          "failures": [],
          "pending": [],
          "skipped": [],
          "duration": 7322,
          "root": false,
          "rootEmpty": false,
          "_timeout": 2000
        }
      ],
      "passes": [],
      "failures": [],
      "pending": [],
      "skipped": [],
      "duration": 0,
      "root": true,
      "rootEmpty": true,
      "_timeout": 2000
    }
  ],
  "meta": {
    "mocha": {
      "version": "7.0.1"
    },
    "mochawesome": {
      "options": {
        "quiet": true,
        "reportFilename": "mochawesome",
        "saveHtml": false,
        "saveJson": true,
        "consoleReporter": "spec",
        "useInlineDiffs": false,
        "code": true
      },
      "version": "7.1.3"
    },
    "marge": {
      "options": {
        "charts": true,
        "reportDir": "cypress/reports/mocha/.jsons",
        "embeddedScreenshots": true,
        "inlineAssets": true,
        "quiet": true,
        "saveJson": true,
        "html": false,
        "overwrite": false,
        "json": true
      },
      "version": "6.2.0"
    }
  }
}